{
  "stats": {
    "suites": 1,
    "tests": 4,
    "passes": 4,
    "pending": 0,
    "failures": 0,
    "start": "2024-08-29T16:21:09.951Z",
    "end": "2024-08-29T16:21:12.556Z",
    "duration": 2605,
    "testsRegistered": 4,
    "passPercent": 100,
    "pendingPercent": 0,
    "other": 0,
    "hasOther": false,
    "skipped": 0,
    "hasSkipped": false
  },
  "results": [
    {
      "uuid": "4fb1b803-297a-4fe1-bf33-d4e41607d2fa",
      "title": "",
      "fullFile": "E:\\Digital Skola\\QA Engineer Batch 5 - 30 Juli 2024\\Tugas\\7. Api Automation\\Tugas-6_Bima-Prawang-Saputra_QA-Engineer_Batch-5_Sesi-7-Api-Automation\\apiTests.js",
      "file": "\\apiTests.js",
      "beforeHooks": [],
      "afterHooks": [],
      "tests": [],
      "suites": [
        {
          "uuid": "e406d403-3ac2-4fc6-9b75-9d1ad444df7b",
          "title": "API Automation Tests",
          "fullFile": "E:\\Digital Skola\\QA Engineer Batch 5 - 30 Juli 2024\\Tugas\\7. Api Automation\\Tugas-6_Bima-Prawang-Saputra_QA-Engineer_Batch-5_Sesi-7-Api-Automation\\apiTests.js",
          "file": "\\apiTests.js",
          "beforeHooks": [],
          "afterHooks": [],
          "tests": [
            {
              "title": "GET /users?page=2",
              "fullTitle": "API Automation Tests GET /users?page=2",
              "timedOut": false,
              "duration": 232,
              "state": "passed",
              "speed": "slow",
              "pass": true,
              "fail": false,
              "pending": false,
              "context": null,
              "code": "const response = await request(baseURL).get('/users?page=2');\nexpect(response.status).to.equal(200);\nexpect(response.body).to.be.jsonSchema(userListSchema);",
              "err": {},
              "uuid": "dd556392-9711-4b8d-a824-4f799c4387de",
              "parentUUID": "e406d403-3ac2-4fc6-9b75-9d1ad444df7b",
              "isHook": false,
              "skipped": false
            },
            {
              "title": "POST /users",
              "fullTitle": "API Automation Tests POST /users",
              "timedOut": false,
              "duration": 934,
              "state": "passed",
              "speed": "slow",
              "pass": true,
              "fail": false,
              "pending": false,
              "context": null,
              "code": "const response = await request(baseURL)\n    .post('/users')\n    .send({ name: 'morpheus', job: 'leader' });\nexpect(response.status).to.equal(201);\nexpect(response.body).to.be.jsonSchema(createUserSchema);",
              "err": {},
              "uuid": "ab762a56-800d-4fe3-9074-f0ac9ae131bd",
              "parentUUID": "e406d403-3ac2-4fc6-9b75-9d1ad444df7b",
              "isHook": false,
              "skipped": false
            },
            {
              "title": "DELETE /users/2",
              "fullTitle": "API Automation Tests DELETE /users/2",
              "timedOut": false,
              "duration": 827,
              "state": "passed",
              "speed": "slow",
              "pass": true,
              "fail": false,
              "pending": false,
              "context": null,
              "code": "const response = await request(baseURL).delete('/users/2');\nexpect(response.status).to.equal(204);\n// Tidak ada body yang perlu divalidasi",
              "err": {},
              "uuid": "c7ae2352-d491-4925-bc05-552d5cd2cb67",
              "parentUUID": "e406d403-3ac2-4fc6-9b75-9d1ad444df7b",
              "isHook": false,
              "skipped": false
            },
            {
              "title": "PUT /users/2",
              "fullTitle": "API Automation Tests PUT /users/2",
              "timedOut": false,
              "duration": 606,
              "state": "passed",
              "speed": "slow",
              "pass": true,
              "fail": false,
              "pending": false,
              "context": null,
              "code": "const response = await request(baseURL)\n    .put('/users/2')\n    .send({ name: 'morpheus', job: 'zion resident' });\nexpect(response.status).to.equal(200);\nexpect(response.body).to.be.jsonSchema(updateUserSchema);",
              "err": {},
              "uuid": "27117b6b-bd13-4592-b3d9-6cbd46ae6374",
              "parentUUID": "e406d403-3ac2-4fc6-9b75-9d1ad444df7b",
              "isHook": false,
              "skipped": false
            }
          ],
          "suites": [],
          "passes": [
            "dd556392-9711-4b8d-a824-4f799c4387de",
            "ab762a56-800d-4fe3-9074-f0ac9ae131bd",
            "c7ae2352-d491-4925-bc05-552d5cd2cb67",
            "27117b6b-bd13-4592-b3d9-6cbd46ae6374"
          ],
          "failures": [],
          "pending": [],
          "skipped": [],
          "duration": 2599,
          "root": false,
          "rootEmpty": false,
          "_timeout": 2000
        }
      ],
      "passes": [],
      "failures": [],
      "pending": [],
      "skipped": [],
      "duration": 0,
      "root": true,
      "rootEmpty": true,
      "_timeout": 2000
    }
  ],
  "meta": {
    "mocha": {
      "version": "10.7.3"
    },
    "mochawesome": {
      "options": {
        "quiet": false,
        "reportFilename": "mochawesome",
        "saveHtml": true,
        "saveJson": true,
        "consoleReporter": "spec",
        "useInlineDiffs": false,
        "code": true
      },
      "version": "7.1.3"
    },
    "marge": {
      "options": null,
      "version": "6.2.0"
    }
  }
}